5.1.
v5.1.
19.
2-n.
v1.3.
30.
70.
about-image.
active.
activetrigger.
d.addednodes.
address.
this.all.
animate.
this.animationnamecache.
applications.
arguments.
array.
e.elements.arrow.
ask.
at.
e.attributes.
author-01.
author-02.
author-03.
ayroui.
backdrop.
be.
document.body.
n.body.
t.bottom-e.
r.bottom-r.
t.bottom-y.
this.boxes.
brand.
browser.
bs.
activate.bs.
click.bs.
close.bs.
closed.bs.
click.dismiss.bs.
keydown.dismiss.bs.
mousedown.dismiss.bs.
mouseup.dismiss.bs.
dragstart.bs.
focusin.bs.
focusout.bs.
hidden.bs.
hide.bs.
hideprevented.bs.
inserted.bs.
keydown.bs.
mousedown.bs.
mouseenter.bs.
mouseleave.bs.
mouseout.bs.
mouseover.bs.
pointerdown.bs.
pointerup.bs.
resize.bs.
scroll.bs.
show.bs.
shown.bs.
slid.bs.
slide.bs.
keydown.tab.bs.
touchend.bs.
touchmove.bs.
touchstart.bs.
click.bs.button.
click.bs.carousel.
load.bs.carousel.
classlist.
document.body.classlist.
currlink.classlist.
e.classlist.
element.classlist.
header.classlist.
i.classlist.
menu.classlist.
n.classlist.
navbarcollapse.classlist.
navbartoggler.classlist.
o.classlist.
t.classlist.
this.classlist.
this.tip.classlist.
b.classname.
clean.
click.
clientx-this.
t.clientx-this.
click.bs.collapse.
community.
config.
this.config.
console.
this.constructor.
content.
t.content.
ct.
currlink.
customers.
define.
config.delay.
e.delegatetarget.
t.delegatetarget.
document.
window.document.
document.documentelement.
element.ownerdocument.documentelement.
doorstep.
dotted-shape.
click.bs.dropdown.
keydown.bs.dropdown.
keyup.bs.dropdown.
e-this.
ecommerce-html.
ecommercehtml.
ei.
elem.
element.
this.element.
e.elements.
i.elements.
t.elements.
enquiries.
et.
this.constructor.event.
favicon.
fe.
focustrap.
form.
free.
friday.
getbootstrap.
github.
graygrids.
he.
header.
t.top-e.height-i.
panda.htb.
ii.
impressed.
index.
intuitive.
items.
bootstrap.bundle.min.js.
popper.js.
this.keys.
y.left-t.
lineicons.
logo.
logo-2.
lt.
main.
math.
me.
menu.
method.
bootstrap.min.
bootstrap.bundle.min.
wow.min.
click.bs.modal.
i.modifiers.
e.modifiersdata.
i.modifiersdata.
t.modifiersdata.
module.
navbartoggler.
navigator.
needs.
ni.
node.
i.nodename.
t.nodename.
number.
object.
offcanvas.
click.bs.offcanvas.
load.bs.offcanvas.
offsets.
a.options.
e.options.
t.options.
a.orderedmodifiers.
e.ownerdocument.
pagelink.
panda.
element.parentnode.
pe.
config.placement.
play-meta-bs.
popper.
e.elements.popper.
e.modifiersdata.popperoffsets.
productivity.
promise.
element.prototype.queryselector.
element.prototype.queryselectorall.
re.
e.rects.
i.rects.
t.rects.
refelement.
t.reference.
refunds.
this.resetanimation.
ri.
t.right-e.
r.right-r.
t.right-y.
config.rootelement.
rt.
scrollbar.
this.scrollcallback.
this.config.scrollcontainer.
scrollelement.
this.scrollhandler.
c.scrollleft-h.
e.scrollparents.
load.bs.scrollspy.
c.scrolltop-h.
sections.
servers.
services.
shape.
shape-1.
shape-2.
shape-3.
slice.
this.start.
a.style.
b.style.
backtotop.style.
element.style.
t.style.
e.styles.
submenubutton.
super.
click.bs.tab.
t.target.
targets.
te.
there.
this.
this.tip.
t.title.
y.top-t.
tostring.
t.touches.
training.
config.trigger.
triggerarray.
a.type.
ud-styles.
uideck.
navigator.useragent.
this.values.
this.vendors.
we.
t.left-e.width-i.
window.
wow.
wowjs.
i.x-n.
xe.
i.y-n.
you.
yourmail.
ze.
10.10.11.136
